<?xml version="1.0" encoding="UTF-8"?>
<!-- Generated by org.testng.reporters.JUnitReportReporter -->
<testsuite hostname="LAPTOP-FVOB94BB" failures="0" tests="1" name="TestNG.HardAsset" time="0.009" errors="0" timestamp="2023-05-30T08:28:15 IST" skipped="0">
  <testcase classname="TestNG.HardAsset" name="demo" time="0.009"/>
  <system-out/>
</testsuite> <!-- TestNG.HardAsset -->
