<?xml version="1.0" encoding="UTF-8"?>
<!-- Generated by org.testng.reporters.JUnitReportReporter -->
<testsuite hostname="LAPTOP-FVOB94BB" failures="0" tests="2" name="TestNG.ToVerifyGoogleInChromeandEdge" time="9.083" errors="0" timestamp="2023-05-31T10:37:52 IST" skipped="0">
  <testcase classname="TestNG.ToVerifyGoogleInChromeandEdge" name="ToVerifyGoogle" time="3.806"/>
  <system-out/>
  <testcase classname="TestNG.ToVerifyGoogleInChromeandEdge" name="ToVerifyGoogle" time="5.277"/>
  <system-out/>
</testsuite> <!-- TestNG.ToVerifyGoogleInChromeandEdge -->
