<?xml version="1.0" encoding="UTF-8"?>
<!-- Generated by org.testng.reporters.JUnitReportReporter -->
<testsuite hostname="LAPTOP-FVOB94BB" failures="0" tests="2" name="TestNG.ToVerifyHomepage" time="0.011" errors="0" timestamp="2023-05-30T13:52:07 IST" skipped="0">
  <testcase classname="TestNG.ToVerifyHomepage" name="demo" time="0.007"/>
  <system-out/>
  <testcase classname="TestNG.ToVerifyHomepage" name="demo1" time="0.004"/>
  <system-out/>
</testsuite> <!-- TestNG.ToVerifyHomepage -->
