<?xml version="1.0" encoding="UTF-8"?>
<!-- Generated by org.testng.reporters.JUnitReportReporter -->
<testsuite hostname="LAPTOP-FVOB94BB" failures="0" tests="3" name="TestNG.E" time="0.014" errors="0" timestamp="2023-05-26T14:15:55 IST" skipped="1">
  <testcase classname="TestNG.E" name="a" time="0.010"/>
  <system-out/>
  <testcase classname="TestNG.E" name="c" time="0.004"/>
  <system-out/>
  <testcase classname="TestNG.E" name="b">
    <skipped/>
  </testcase> <!-- b -->
  <system-out/>
</testsuite> <!-- TestNG.E -->
