<?xml version="1.0" encoding="UTF-8"?>
<!-- Generated by org.testng.reporters.JUnitReportReporter -->
<testsuite hostname="LAPTOP-FVOB94BB" failures="0" tests="1" name="TestNG.G" time="0.008" errors="0" timestamp="2023-05-26T14:55:15 IST" skipped="0">
  <testcase classname="TestNG.G" name="sendmail" time="0.008"/>
  <system-out/>
</testsuite> <!-- TestNG.G -->
