<?xml version="1.0" encoding="UTF-8"?>
<!-- Generated by org.testng.reporters.JUnitReportReporter -->
<testsuite hostname="LAPTOP-FVOB94BB" failures="0" tests="1" name="TestNG.ToVerifyGoogle" time="4.599" errors="0" timestamp="2023-05-30T00:04:25 IST" skipped="0">
  <testcase classname="TestNG.ToVerifyGoogle" name="ToVerifygoogle" time="4.599"/>
  <system-out/>
</testsuite> <!-- TestNG.ToVerifyGoogle -->
