<?xml version="1.0" encoding="UTF-8"?>
<!-- Generated by org.testng.reporters.JUnitReportReporter -->
<testsuite hostname="LAPTOP-FVOB94BB" failures="0" tests="1" name="TestNG.ToVerifygFacebook" time="2.930" errors="0" timestamp="2023-05-30T00:13:09 IST" skipped="0">
  <testcase classname="TestNG.ToVerifygFacebook" name="ToVerifygFacebook" time="2.930"/>
  <system-out/>
</testsuite> <!-- TestNG.ToVerifygFacebook -->
