<?xml version="1.0" encoding="UTF-8"?>
<!-- Generated by org.testng.reporters.JUnitReportReporter -->
<testsuite hostname="LAPTOP-FVOB94BB" failures="0" tests="5" name="TestNG.C" time="0.008" errors="0" timestamp="2023-05-26T14:15:55 IST" skipped="0">
  <testcase classname="TestNG.C" name="a" time="0.002"/>
  <system-out/>
  <testcase classname="TestNG.C" name="a" time="0.002"/>
  <system-out/>
  <testcase classname="TestNG.C" name="b" time="0.001"/>
  <system-out/>
  <testcase classname="TestNG.C" name="c" time="0.001"/>
  <system-out/>
  <testcase classname="TestNG.C" name="a" time="0.002"/>
  <system-out/>
</testsuite> <!-- TestNG.C -->
