<?xml version="1.0" encoding="UTF-8"?>
<!-- Generated by org.testng.reporters.JUnitReportReporter -->
<testsuite hostname="LAPTOP-FVOB94BB" failures="0" tests="3" name="TestNG.B" time="0.002" errors="0" timestamp="2023-05-26T14:15:55 IST" skipped="0">
  <testcase classname="TestNG.B" name="prakash" time="0.001"/>
  <system-out/>
  <testcase classname="TestNG.B" name="vikas" time="0.001"/>
  <system-out/>
  <testcase classname="TestNG.B" name="akash" time="0.000"/>
  <system-out/>
</testsuite> <!-- TestNG.B -->
