<?xml version="1.0" encoding="UTF-8"?>
<!-- Generated by org.testng.reporters.JUnitReportReporter -->
<testsuite hostname="LAPTOP-FVOB94BB" failures="0" tests="1" name="TestNG.ToVerifygGoogle" time="9.415" errors="0" timestamp="2023-05-29T13:43:10 IST" skipped="0">
  <testcase classname="TestNG.ToVerifygGoogle" name="ToVerifygFacebook" time="9.415"/>
  <system-out/>
</testsuite> <!-- TestNG.ToVerifygGoogle -->
