<?xml version="1.0" encoding="UTF-8"?>
<!-- Generated by org.testng.reporters.JUnitReportReporter -->
<testsuite hostname="LAPTOP-FVOB94BB" failures="0" tests="1" name="TestNG.ToVerifyCustomer" time="0.006" errors="0" timestamp="2023-05-30T13:50:57 IST" skipped="0">
  <testcase classname="TestNG.ToVerifyCustomer" name="demo1" time="0.006"/>
  <system-out/>
</testsuite> <!-- TestNG.ToVerifyCustomer -->
